<?xml version="1.0" encoding="UTF-8"?>
<!-- Generated by org.testng.reporters.JUnitXMLReporter -->
<testsuite ignored="0" hostname="DMM-G6394Y5V" failures="0" tests="1" name="Sample Test" time="0.273" errors="0" timestamp="2025-06-08T11:41:40 MMT">
  <testcase classname="demoapp.SampleProject.DemoApp" name="@BeforeClass setUp" time="0.186">
    <failure type="java.lang.NoSuchMethodError" message="org.openqa.selenium.remote.http.ClientConfig.&amp;lt;init&amp;gt;(Ljava/net/URI;Ljava/time/Duration;Ljava/time/Duration;Lorg/openqa/selenium/remote/http/Filter;Ljava/net/Proxy;Lorg/openqa/selenium/Credentials;)V">
      <![CDATA[java.lang.NoSuchMethodError: org.openqa.selenium.remote.http.ClientConfig.<init>(Ljava/net/URI;Ljava/time/Duration;Ljava/time/Duration;Lorg/openqa/selenium/remote/http/Filter;Ljava/net/Proxy;Lorg/openqa/selenium/Credentials;)V
at io.appium.java_client.AppiumClientConfig.<init>(AppiumClientConfig.java:62)
at io.appium.java_client.AppiumClientConfig.defaultConfig(AppiumClientConfig.java:79)
at io.appium.java_client.remote.AppiumCommandExecutor.<init>(AppiumCommandExecutor.java:109)
at io.appium.java_client.AppiumDriver.<init>(AppiumDriver.java:92)
at io.appium.java_client.android.AndroidDriver.<init>(AndroidDriver.java:117)
at demoapp.SampleProject.DemoApp.setUp(DemoApp.java:32)
at java.base/java.util.ArrayList.forEach(ArrayList.java:1541)
... Removed 25 stack frames]]>
    </failure>
  </testcase> <!-- @BeforeClass setUp -->
  <testcase classname="demoapp.SampleProject.DemoApp" name="@AfterClass tearDown" time="0.0">
    <skipped/>
  </testcase> <!-- @AfterClass tearDown -->
  <testcase classname="demoapp.SampleProject.DemoApp" name="testSampleApp" time="0.0">
    <skipped/>
  </testcase> <!-- testSampleApp -->
</testsuite> <!-- Sample Test -->
