<?xml version="1.0" encoding="UTF-8"?>
<!-- Generated by org.testng.reporters.JUnitXMLReporter -->
<testsuite ignored="0" hostname="DMM-G6394Y5V" failures="1" tests="2" name="Sample Test" time="15.473" errors="0" timestamp="2025-06-29T11:48:06 MMT">
  <testcase classname="demoapp.SampleProject.SortingPriceTest" name="@BeforeMethod configure" time="1.44">
    <failure type="org.openqa.selenium.NoSuchElementException" message="Can&amp;apos;t locate an element by this strategy: By.chained({By.xpath: //android.widget.EditText[@content-desc=&amp;quot;test-Username&amp;quot;]})">
      <![CDATA[org.openqa.selenium.NoSuchElementException: Can't locate an element by this strategy: By.chained({By.xpath: //android.widget.EditText[@content-desc="test-Username"]})
at io.appium.java_client.pagefactory.AppiumElementLocator.findElement(AppiumElementLocator.java:125)
at io.appium.java_client.pagefactory.interceptors.InterceptorOfASingleElement.call(InterceptorOfASingleElement.java:54)
at io.appium.java_client.proxy.Interceptor.intercept(Interceptor.java:75)
at org.openqa.selenium.remote.RemoteWebElement$ByteBuddy$jgMRREz9.sendKeys(Unknown Source)
at demoapp.SampleProject.SortingPricePage.setUserName(SortingPricePage.java:41)
at demoapp.SampleProject.SortingPriceTest.configure(SortingPriceTest.java:20)
at java.base/java.util.ArrayList.forEach(ArrayList.java:1541)
Caused by: org.openqa.selenium.TimeoutException: Expected condition failed: waiting for io.appium.java_client.pagefactory.AppiumElementLocator$WaitingFunction@66223d94 (tried for 1 second(s) with 500 milliseconds interval)
at org.openqa.selenium.support.ui.FluentWait.timeoutException(FluentWait.java:262)
at org.openqa.selenium.support.ui.FluentWait.until(FluentWait.java:230)
at io.appium.java_client.pagefactory.AppiumElementLocator.waitFor(AppiumElementLocator.java:98)
at io.appium.java_client.pagefactory.AppiumElementLocator.findElement(AppiumElementLocator.java:118)
... 37 more
Caused by: org.openqa.selenium.NoSuchElementException: Cannot locate an element using By.chained({By.xpath: //android.widget.EditText[@content-desc="test-Username"]})
For documentation on this error, please visit: https://www.selenium.dev/documentation/webdriver/troubleshooting/errors#no-such-element-exception
Build info: version: '4.11.0', revision: '040bc5406b'
System info: os.name: 'Windows 10', os.arch: 'amd64', os.version: '10.0', java.version: '11.0.20'
Driver info: driver.version: RemoteWebDriver
at io.appium.java_client.pagefactory.bys.builder.ByChained.findElement(ByChained.java:77)
at org.openqa.selenium.remote.ElementLocation$ElementFinder$1.findElement(ElementLocation.java:139)
at org.openqa.selenium.remote.ElementLocation.findElement(ElementLocation.java:59)
at org.openqa.selenium.remote.RemoteWebDriver.findElement(RemoteWebDriver.java:355)
at org.openqa.selenium.remote.RemoteWebDriver.findElement(RemoteWebDriver.java:349)
at io.appium.java_client.pagefactory.bys.ContentMappedBy.findElement(ContentMappedBy.java:50)
at org.openqa.selenium.remote.ElementLocation$ElementFinder$1.findElement(ElementLocation.java:139)
at org.openqa.selenium.remote.ElementLocation.findElement(ElementLocation.java:59)
at org.openqa.selenium.remote.RemoteWebDriver.findElement(RemoteWebDriver.java:355)
at org.openqa.selenium.remote.RemoteWebDriver.findElement(RemoteWebDriver.java:349)
at io.appium.java_client.pagefactory.AppiumElementLocator.lambda$findElement$0(AppiumElementLocator.java:119)
at io.appium.java_client.pagefactory.AppiumElementLocator$WaitingFunction.apply(AppiumElementLocator.java:171)
at io.appium.java_client.pagefactory.AppiumElementLocator$WaitingFunction.apply(AppiumElementLocator.java:164)
at org.openqa.selenium.support.ui.FluentWait.until(FluentWait.java:205)
... 39 more
... Removed 31 stack frames]]>
    </failure>
  </testcase> <!-- @BeforeMethod configure -->
  <testcase classname="demoapp.SampleProject.SortingPriceTest" name="testPriceLowtoHigh" time="3.838">
    <failure type="org.openqa.selenium.StaleElementReferenceException" message="The element &amp;apos;By.xpath: //android.view.ViewGroup[@content-desc=&amp;quot;test-Modal Selector Button&amp;quot;]/android.view.ViewGroup/android.view.ViewGroup/android.widget.ImageView&amp;apos; does not exist in DOM anymore
For documentation on this error, please visit: https://www.selenium.dev/documentation/webdriver/troubleshooting/errors#stale-element-reference-exception
Build info: version: &amp;apos;4.11.0&amp;apos;, revision: &amp;apos;040bc5406b&amp;apos;
System info: os.name: &amp;apos;Windows 10&amp;apos;, os.arch: &amp;apos;amd64&amp;apos;, os.version: &amp;apos;10.0&amp;apos;, java.version: &amp;apos;11.0.20&amp;apos;
Driver info: io.appium.java_client.android.AndroidDriver
Command: [60b22c4c-91e5-4bb7-ba4d-6ab12235cdff, clickElement {id=00000000-0000-2b0e-ffff-ffff00000048}]
Capabilities {appium:app: D:\Testing Information\AUTO..., appium:appActivity: com.swaglabsmobileapp.Splas..., appium:appPackage: com.swaglabsmobileapp, appium:autoGrantPermissions: true, appium:automationName: UiAutomator2, appium:databaseEnabled: false, appium:desired: {app: D:\Testing Information\AUTO..., appActivity: com.swaglabsmobileapp.Splas..., appPackage: com.swaglabsmobileapp, autoGrantPermissions: true, automationName: UiAutomator2, deviceName: Galaxy A16 5G, platformName: ANDROID, platformVersion: 14, udid: R94XC07VMMV}, appium:deviceApiLevel: 34, appium:deviceManufacturer: samsung, appium:deviceModel: SM-A166P, appium:deviceName: R94XC07VMMV, appium:deviceScreenDensity: 450, appium:deviceScreenSize: 1080x2340, appium:deviceUDID: R94XC07VMMV, appium:javascriptEnabled: true, appium:locationContextEnabled: false, appium:networkConnectionEnabled: true, appium:pixelRatio: 2.8125, appium:platformVersion: 14, appium:statBarHeight: 96, appium:takesScreenshot: true, appium:udid: R94XC07VMMV, appium:viewportRect: {height: 2244, left: 0, top: 96, width: 1080}, appium:warnings: {}, appium:webStorageEnabled: false, platformName: ANDROID}
Element: [[AndroidDriver:  on ANDROID (60b22c4c-91e5-4bb7-ba4d-6ab12235cdff)] -&amp;gt; xpath: //android.view.ViewGroup[@content-desc=&amp;quot;test-Modal Selector Button&amp;quot;]/android.view.ViewGroup/android.view.ViewGroup/android.widget.ImageView]
Session ID: 60b22c4c-91e5-4bb7-ba4d-6ab12235cdff">
      <![CDATA[org.openqa.selenium.StaleElementReferenceException: The element 'By.xpath: //android.view.ViewGroup[@content-desc="test-Modal Selector Button"]/android.view.ViewGroup/android.view.ViewGroup/android.widget.ImageView' does not exist in DOM anymore
For documentation on this error, please visit: https://www.selenium.dev/documentation/webdriver/troubleshooting/errors#stale-element-reference-exception
Build info: version: '4.11.0', revision: '040bc5406b'
System info: os.name: 'Windows 10', os.arch: 'amd64', os.version: '10.0', java.version: '11.0.20'
Driver info: io.appium.java_client.android.AndroidDriver
Command: [60b22c4c-91e5-4bb7-ba4d-6ab12235cdff, clickElement {id=00000000-0000-2b0e-ffff-ffff00000048}]
Capabilities {appium:app: D:\Testing Information\AUTO..., appium:appActivity: com.swaglabsmobileapp.Splas..., appium:appPackage: com.swaglabsmobileapp, appium:autoGrantPermissions: true, appium:automationName: UiAutomator2, appium:databaseEnabled: false, appium:desired: {app: D:\Testing Information\AUTO..., appActivity: com.swaglabsmobileapp.Splas..., appPackage: com.swaglabsmobileapp, autoGrantPermissions: true, automationName: UiAutomator2, deviceName: Galaxy A16 5G, platformName: ANDROID, platformVersion: 14, udid: R94XC07VMMV}, appium:deviceApiLevel: 34, appium:deviceManufacturer: samsung, appium:deviceModel: SM-A166P, appium:deviceName: R94XC07VMMV, appium:deviceScreenDensity: 450, appium:deviceScreenSize: 1080x2340, appium:deviceUDID: R94XC07VMMV, appium:javascriptEnabled: true, appium:locationContextEnabled: false, appium:networkConnectionEnabled: true, appium:pixelRatio: 2.8125, appium:platformVersion: 14, appium:statBarHeight: 96, appium:takesScreenshot: true, appium:udid: R94XC07VMMV, appium:viewportRect: {height: 2244, left: 0, top: 96, width: 1080}, appium:warnings: {}, appium:webStorageEnabled: false, platformName: ANDROID}
Element: [[AndroidDriver:  on ANDROID (60b22c4c-91e5-4bb7-ba4d-6ab12235cdff)] -> xpath: //android.view.ViewGroup[@content-desc="test-Modal Selector Button"]/android.view.ViewGroup/android.view.ViewGroup/android.widget.ImageView]
Session ID: 60b22c4c-91e5-4bb7-ba4d-6ab12235cdff
at org.openqa.selenium.remote.codec.w3c.W3CHttpResponseCodec.createException(W3CHttpResponseCodec.java:200)
at org.openqa.selenium.remote.codec.w3c.W3CHttpResponseCodec.decode(W3CHttpResponseCodec.java:133)
at org.openqa.selenium.remote.codec.w3c.W3CHttpResponseCodec.decode(W3CHttpResponseCodec.java:52)
at org.openqa.selenium.remote.HttpCommandExecutor.execute(HttpCommandExecutor.java:191)
at io.appium.java_client.remote.AppiumCommandExecutor.execute(AppiumCommandExecutor.java:250)
at org.openqa.selenium.remote.RemoteWebDriver.execute(RemoteWebDriver.java:518)
at org.openqa.selenium.remote.RemoteWebElement.execute(RemoteWebElement.java:224)
at org.openqa.selenium.remote.RemoteWebElement.click(RemoteWebElement.java:77)
at io.appium.java_client.pagefactory.ElementInterceptor.getObject(ElementInterceptor.java:41)
at io.appium.java_client.pagefactory.interceptors.InterceptorOfASingleElement.call(InterceptorOfASingleElement.java:55)
at io.appium.java_client.proxy.Interceptor.intercept(Interceptor.java:75)
at org.openqa.selenium.remote.RemoteWebElement$ByteBuddy$dV1YaDGj.click(Unknown Source)
at demoapp.SampleProject.SortingPricePage.clickFilterButton(SortingPricePage.java:53)
at demoapp.SampleProject.SortingPriceTest.testPriceLowtoHigh(SortingPriceTest.java:31)
at java.base/java.util.ArrayList.forEach(ArrayList.java:1541)
... Removed 35 stack frames]]>
    </failure>
  </testcase> <!-- testPriceLowtoHigh -->
  <testcase classname="demoapp.SampleProject.SortingPriceTest" name="testPriceHightoLow" time="0.0">
    <skipped/>
  </testcase> <!-- testPriceHightoLow -->
</testsuite> <!-- Sample Test -->
