<?xml version="1.0" encoding="UTF-8"?>
<!-- Generated by org.testng.reporters.JUnitXMLReporter -->
<testsuite ignored="0" hostname="DMM-G6394Y5V" failures="0" tests="3" name="Default test" time="44.417" errors="0" timestamp="2025-08-03T21:10:58 MMT">
  <testcase classname="demoapp.SampleProject.CheckErrorMessageinCheckOutScreen" name="checkErrorMessageDisplay" time="23.404"/>
  <testcase classname="demoapp.SampleProject.CheckErrorMessageinCheckOutScreen" name="checkErrorMessageDisplayForLastNameBlank" time="4.98"/>
  <testcase classname="demoapp.SampleProject.CheckErrorMessageinCheckOutScreen" name="checkErrorMessageDisplayForZipCodeBlank" time="4.984"/>
</testsuite> <!-- Default test -->
