<?xml version="1.0" encoding="UTF-8"?>
<testng-results ignored="0" total="1" passed="1" failed="0" skipped="0">
  <reporter-output>
  </reporter-output>
  <suite started-at="2025-07-27T21:41:37 MMT" name="Default suite" finished-at="2025-07-27T21:42:07 MMT" duration-ms="30455">
    <groups>
    </groups>
    <test started-at="2025-07-27T21:41:37 MMT" name="Default test" finished-at="2025-07-27T21:42:07 MMT" duration-ms="30455">
      <class name="demoapp.SampleProject.CheckErrorMessageifUserNameBlank">
        <test-method is-config="true" signature="setUp()[pri:0, instance:demoapp.SampleProject.CheckErrorMessageifUserNameBlank@f09733f]" started-at="2025-07-27T21:41:37 MMT" name="setUp" finished-at="2025-07-27T21:41:42 MMT" duration-ms="5899" status="PASS">
          <reporter-output>
          </reporter-output>
        </test-method> <!-- setUp -->
        <test-method is-config="true" signature="setup()[pri:0, instance:demoapp.SampleProject.CheckErrorMessageifUserNameBlank@f09733f]" started-at="2025-07-27T21:41:42 MMT" name="setup" finished-at="2025-07-27T21:41:42 MMT" duration-ms="1" status="PASS">
          <reporter-output>
          </reporter-output>
        </test-method> <!-- setup -->
        <test-method is-config="true" signature="configure()[pri:0, instance:demoapp.SampleProject.CheckErrorMessageifUserNameBlank@f09733f]" started-at="2025-07-27T21:41:42 MMT" name="configure" finished-at="2025-07-27T21:41:43 MMT" duration-ms="868" status="PASS">
          <reporter-output>
          </reporter-output>
        </test-method> <!-- configure -->
        <test-method signature="checkErrorMessageDisplay()[pri:0, instance:demoapp.SampleProject.CheckErrorMessageifUserNameBlank@f09733f]" started-at="2025-07-27T21:41:43 MMT" name="checkErrorMessageDisplay" finished-at="2025-07-27T21:42:06 MMT" duration-ms="22996" status="PASS">
          <reporter-output>
          </reporter-output>
        </test-method> <!-- checkErrorMessageDisplay -->
        <test-method is-config="true" signature="tearDown()[pri:0, instance:demoapp.SampleProject.CheckErrorMessageifUserNameBlank@f09733f]" started-at="2025-07-27T21:42:06 MMT" name="tearDown" finished-at="2025-07-27T21:42:07 MMT" duration-ms="663" status="PASS">
          <reporter-output>
          </reporter-output>
        </test-method> <!-- tearDown -->
      </class> <!-- demoapp.SampleProject.CheckErrorMessageifUserNameBlank -->
    </test> <!-- Default test -->
  </suite> <!-- Default suite -->
</testng-results>
