<?xml version="1.0" encoding="UTF-8"?>
<testng-results ignored="0" total="2" passed="2" failed="0" skipped="0">
  <reporter-output>
  </reporter-output>
  <suite started-at="2025-06-29T13:42:59 MMT" name="Default suite" finished-at="2025-06-29T13:43:21 MMT" duration-ms="21912">
    <groups>
    </groups>
    <test started-at="2025-06-29T13:42:59 MMT" name="Default test" finished-at="2025-06-29T13:43:21 MMT" duration-ms="21912">
      <class name="demoapp.SampleProject.SortingPriceTest">
        <test-method is-config="true" signature="setUp()[pri:0, instance:demoapp.SampleProject.SortingPriceTest@6fdbe764]" started-at="2025-06-29T13:42:59 MMT" name="setUp" finished-at="2025-06-29T13:43:09 MMT" duration-ms="9248" status="PASS">
          <reporter-output>
          </reporter-output>
        </test-method> <!-- setUp -->
        <test-method is-config="true" signature="configure()[pri:0, instance:demoapp.SampleProject.SortingPriceTest@6fdbe764]" started-at="2025-06-29T13:43:09 MMT" name="configure" finished-at="2025-06-29T13:43:11 MMT" duration-ms="2096" status="PASS">
          <reporter-output>
          </reporter-output>
        </test-method> <!-- configure -->
        <test-method signature="testPriceLowtoHigh()[pri:0, instance:demoapp.SampleProject.SortingPriceTest@6fdbe764]" started-at="2025-06-29T13:43:11 MMT" name="testPriceLowtoHigh" finished-at="2025-06-29T13:43:17 MMT" duration-ms="6699" status="PASS">
          <reporter-output>
          </reporter-output>
        </test-method> <!-- testPriceLowtoHigh -->
        <test-method is-config="true" signature="configure()[pri:0, instance:demoapp.SampleProject.SortingPriceTest@6fdbe764]" started-at="2025-06-29T13:43:18 MMT" name="configure" finished-at="2025-06-29T13:43:18 MMT" duration-ms="838" status="PASS">
          <reporter-output>
          </reporter-output>
        </test-method> <!-- configure -->
        <test-method signature="secondTest()[pri:0, instance:demoapp.SampleProject.SortingPriceTest@6fdbe764]" started-at="2025-06-29T13:43:18 MMT" name="secondTest" finished-at="2025-06-29T13:43:21 MMT" depends-on-methods="demoapp.SampleProject.SortingPriceTest.testPriceLowtoHigh" duration-ms="2178" status="PASS">
          <reporter-output>
          </reporter-output>
        </test-method> <!-- secondTest -->
        <test-method is-config="true" signature="tearDown()[pri:0, instance:demoapp.SampleProject.SortingPriceTest@6fdbe764]" started-at="2025-06-29T13:43:21 MMT" name="tearDown" finished-at="2025-06-29T13:43:21 MMT" duration-ms="775" status="PASS">
          <reporter-output>
          </reporter-output>
        </test-method> <!-- tearDown -->
      </class> <!-- demoapp.SampleProject.SortingPriceTest -->
    </test> <!-- Default test -->
  </suite> <!-- Default suite -->
</testng-results>
