<?xml version="1.0" encoding="UTF-8"?>
<!-- Generated by org.testng.reporters.JUnitReportReporter -->
<testsuite hostname="DMM-G6394Y5V" failures="0" tests="2" name="demoapp.SampleProject.SortingPriceTest" time="11.811" errors="0" timestamp="2025-06-29T13:43:21 MMT" skipped="0">
  <testcase classname="demoapp.SampleProject.SortingPriceTest" name="testPriceLowtoHigh" time="7.537"/>
  <system-out/>
  <testcase classname="demoapp.SampleProject.SortingPriceTest" name="secondTest" time="4.274"/>
  <system-out/>
</testsuite> <!-- demoapp.SampleProject.SortingPriceTest -->
