<?xml version="1.0" encoding="UTF-8"?>
<!-- Generated by org.testng.reporters.JUnitReportReporter -->
<testsuite hostname="DMM-G6394Y5V" failures="0" tests="1" name="demoapp.SampleProject.CheckRemoveProductfromDetailScreen" time="8.565" errors="0" timestamp="2025-08-10T22:29:22 MMT" skipped="0">
  <testcase classname="demoapp.SampleProject.CheckRemoveProductfromDetailScreen" name="checkRemoveProductfromDetailScreen" time="8.565"/>
  <system-out/>
</testsuite> <!-- demoapp.SampleProject.CheckRemoveProductfromDetailScreen -->
