<?xml version="1.0" encoding="UTF-8"?>
<!-- Generated by org.testng.reporters.JUnitReportReporter -->
<testsuite hostname="DMM-G6394Y5V" failures="0" tests="1" name="demoapp.SampleProject.RemoveProductBeforeCheckOutTest" time="11.334" errors="0" timestamp="2025-08-10T22:27:00 MMT" skipped="0">
  <testcase classname="demoapp.SampleProject.RemoveProductBeforeCheckOutTest" name="testRemoveProductBeforeCheckOutPage" time="11.334"/>
  <system-out/>
</testsuite> <!-- demoapp.SampleProject.RemoveProductBeforeCheckOutTest -->
