<?xml version="1.0" encoding="UTF-8"?>
<!-- Generated by org.testng.reporters.JUnitReportReporter -->
<testsuite hostname="DMM-G6394Y5V" failures="0" tests="2" name="demoapp.SampleProject.SortingPriceTest" time="10.916" errors="0" timestamp="2025-06-29T21:48:46 MMT" skipped="0">
  <testcase classname="demoapp.SampleProject.SortingPriceTest" name="secondTest" time="2.619"/>
  <system-out/>
  <testcase classname="demoapp.SampleProject.SortingPriceTest" name="testPriceLowtoHigh" time="8.297"/>
  <system-out/>
</testsuite> <!-- demoapp.SampleProject.SortingPriceTest -->
