<?xml version="1.0" encoding="UTF-8"?>
<!-- Generated by org.testng.reporters.JUnitReportReporter -->
<testsuite hostname="DMM-G6394Y5V" failures="0" tests="1" name="demoapp.SampleProject.RemoveProductBeforeCheckOutTest" time="12.605" errors="0" timestamp="2025-09-13T16:15:15 MMT" skipped="0">
  <testcase classname="demoapp.SampleProject.RemoveProductBeforeCheckOutTest" name="testRemoveProductBeforeCheckOutPage" time="12.605"/>
  <system-out/>
</testsuite> <!-- demoapp.SampleProject.RemoveProductBeforeCheckOutTest -->
