<?xml version="1.0" encoding="UTF-8"?>
<!-- Generated by org.testng.reporters.JUnitReportReporter -->
<testsuite hostname="DMM-G6394Y5V" failures="0" tests="3" name="demoapp.SampleProject.CheckErrorMessageinCheckOutScreen" time="35.920" errors="0" timestamp="2025-08-03T21:10:58 MMT" skipped="0">
  <testcase classname="demoapp.SampleProject.CheckErrorMessageinCheckOutScreen" name="checkErrorMessageDisplayForZipCodeBlank" time="5.419"/>
  <system-out/>
  <testcase classname="demoapp.SampleProject.CheckErrorMessageinCheckOutScreen" name="checkErrorMessageDisplay" time="25.157"/>
  <system-out/>
  <testcase classname="demoapp.SampleProject.CheckErrorMessageinCheckOutScreen" name="checkErrorMessageDisplayForLastNameBlank" time="5.344"/>
  <system-out/>
</testsuite> <!-- demoapp.SampleProject.CheckErrorMessageinCheckOutScreen -->
