<?xml version="1.0" encoding="UTF-8"?>
<!-- Generated by org.testng.reporters.JUnitReportReporter -->
<testsuite hostname="DMM-G6394Y5V" failures="0" tests="1" name="demoapp.SampleProject.CheckErrorMessageforLogoutUser" time="6.362" errors="0" timestamp="2025-09-14T11:58:37 MMT" skipped="0">
  <testcase classname="demoapp.SampleProject.CheckErrorMessageforLogoutUser" name="checkErrorMessageforLogoutUser" time="6.362"/>
  <system-out/>
</testsuite> <!-- demoapp.SampleProject.CheckErrorMessageforLogoutUser -->
