<?xml version="1.0" encoding="UTF-8"?>
<!-- Generated by org.testng.reporters.JUnitReportReporter -->
<testsuite hostname="DMM-G6394Y5V" failures="0" tests="1" name="demoapp.SampleProject.CheckRemoveProductfromDetailScreen" time="15.599" errors="0" timestamp="2025-09-13T15:59:18 MMT" skipped="0">
  <testcase classname="demoapp.SampleProject.CheckRemoveProductfromDetailScreen" name="checkRemoveProductfromDetailScreen" time="15.599"/>
  <system-out/>
</testsuite> <!-- demoapp.SampleProject.CheckRemoveProductfromDetailScreen -->
