<?xml version="1.0" encoding="UTF-8"?>
<!-- Generated by org.testng.reporters.JUnitReportReporter -->
<testsuite hostname="DMM-G6394Y5V" failures="0" tests="3" name="demoapp.SampleProject.CheckErrorMessageifUserNameBlank" time="35.207" errors="0" timestamp="2025-08-03T21:05:00 MMT" skipped="0">
  <testcase classname="demoapp.SampleProject.CheckErrorMessageifUserNameBlank" name="checkErrorMessageDisplayForZipCodeBlank" time="5.474"/>
  <system-out/>
  <testcase classname="demoapp.SampleProject.CheckErrorMessageifUserNameBlank" name="checkErrorMessageDisplay" time="24.248"/>
  <system-out/>
  <testcase classname="demoapp.SampleProject.CheckErrorMessageifUserNameBlank" name="checkErrorMessageDisplayForLastNameBlank" time="5.485"/>
  <system-out/>
</testsuite> <!-- demoapp.SampleProject.CheckErrorMessageifUserNameBlank -->
