<?xml version="1.0" encoding="UTF-8"?>
<!-- Generated by org.testng.reporters.JUnitReportReporter -->
<testsuite hostname="DMM-G6394Y5V" failures="0" tests="1" name="demoapp.SampleProject.CheckErrorMessageifUserNameBlank" time="23.864" errors="0" timestamp="2025-07-27T21:42:07 MMT" skipped="0">
  <testcase classname="demoapp.SampleProject.CheckErrorMessageifUserNameBlank" name="checkErrorMessageDisplay" time="23.864"/>
  <system-out/>
</testsuite> <!-- demoapp.SampleProject.CheckErrorMessageifUserNameBlank -->
