<?xml version="1.0" encoding="UTF-8"?>
<!-- Generated by org.testng.reporters.JUnitReportReporter -->
<testsuite hostname="DMM-G6394Y5V" failures="0" tests="2" name="demoapp.SampleProject.CheckHamburgerMenu" time="13.154" errors="0" timestamp="2025-07-06T21:50:37 MMT" skipped="0">
  <testcase classname="demoapp.SampleProject.CheckHamburgerMenu" name="checkDrawing" time="3.900"/>
  <system-out/>
  <testcase classname="demoapp.SampleProject.CheckHamburgerMenu" name="checkGeoLocation" time="9.254"/>
  <system-out/>
</testsuite> <!-- demoapp.SampleProject.CheckHamburgerMenu -->
