<?xml version="1.0" encoding="UTF-8"?>
<!-- Generated by org.testng.reporters.JUnitReportReporter -->
<testsuite hostname="DMM-G6394Y5V" failures="0" tests="2" name="demoapp.SampleProject.CheckHamburgerMenu" time="13.216" errors="0" timestamp="2025-06-29T21:55:51 MMT" skipped="0">
  <testcase classname="demoapp.SampleProject.CheckHamburgerMenu" name="checkGeoLocation" time="9.703"/>
  <system-out/>
  <testcase classname="demoapp.SampleProject.CheckHamburgerMenu" name="checkDrawing" time="3.513"/>
  <system-out/>
</testsuite> <!-- demoapp.SampleProject.CheckHamburgerMenu -->
