<?xml version="1.0" encoding="UTF-8"?>
<!-- Generated by org.testng.reporters.JUnitReportReporter -->
<testsuite hostname="DMM-G6394Y5V" failures="0" tests="2" name="demoapp.SampleProject.DemoApp" time="2.890" errors="1" timestamp="2025-09-07T21:20:27 MMT" skipped="1">
  <testcase classname="demoapp.SampleProject.DemoApp" name="setUp" time="2.890">
    <error message="Could not start a new session. Response code 500. Message: An unknown server-side error occurred while processing the command. Original error: Device R94XC07VMMV was not in the list of connected devices 
Host info: host: &#039;DMM-G6394Y5V&#039;, ip: &#039;192.168.100.6&#039;
Build info: version: &#039;4.11.0&#039;, revision: &#039;040bc5406b&#039;
System info: os.name: &#039;Windows 10&#039;, os.arch: &#039;amd64&#039;, os.version: &#039;10.0&#039;, java.version: &#039;11.0.20&#039;
Driver info: io.appium.java_client.android.AndroidDriver
Command: [null, newSession {capabilities=[{appium:app=D:\Testing Information\AUTOMATION\AUTOMATION-UPDATE\SampleProject\resources\Onlineshop.apk, appium:appActivity=com.swaglabsmobileapp.SplashActivity, appium:appPackage=com.swaglabsmobileapp, appium:platformVersion=14, appium:autoGrantPermissions=true, appium:automationName=UiAutomator2, appium:deviceName=Galaxy A16 5G, platformName=ANDROID, appium:udid=R94XC07VMMV}], desiredCapabilities=Capabilities {app: D:\Testing Information\AUTO..., appActivity: com.swaglabsmobileapp.Splas..., appPackage: com.swaglabsmobileapp, appium:platformVersion: 14, autoGrantPermissions: true, automationName: UiAutomator2, deviceName: Galaxy A16 5G, platformName: ANDROID, udid: R94XC07VMMV}}]
Capabilities {app: D:\Testing Information\AUTO..., appActivity: com.swaglabsmobileapp.Splas..., appPackage: com.swaglabsmobileapp, appium:platformVersion: 14, autoGrantPermissions: true, automationName: UiAutomator2, deviceName: Galaxy A16 5G, platformName: ANDROID, udid: R94XC07VMMV}" type="org.openqa.selenium.SessionNotCreatedException">
      <![CDATA[org.openqa.selenium.SessionNotCreatedException: Could not start a new session. Response code 500. Message: An unknown server-side error occurred while processing the command. Original error: Device R94XC07VMMV was not in the list of connected devices 
Host info: host: 'DMM-G6394Y5V', ip: '192.168.100.6'
Build info: version: '4.11.0', revision: '040bc5406b'
System info: os.name: 'Windows 10', os.arch: 'amd64', os.version: '10.0', java.version: '11.0.20'
Driver info: io.appium.java_client.android.AndroidDriver
Command: [null, newSession {capabilities=[{appium:app=D:\Testing Information\AUTOMATION\AUTOMATION-UPDATE\SampleProject\resources\Onlineshop.apk, appium:appActivity=com.swaglabsmobileapp.SplashActivity, appium:appPackage=com.swaglabsmobileapp, appium:platformVersion=14, appium:autoGrantPermissions=true, appium:automationName=UiAutomator2, appium:deviceName=Galaxy A16 5G, platformName=ANDROID, appium:udid=R94XC07VMMV}], desiredCapabilities=Capabilities {app: D:\Testing Information\AUTO..., appActivity: com.swaglabsmobileapp.Splas..., appPackage: com.swaglabsmobileapp, appium:platformVersion: 14, autoGrantPermissions: true, automationName: UiAutomator2, deviceName: Galaxy A16 5G, platformName: ANDROID, udid: R94XC07VMMV}}]
Capabilities {app: D:\Testing Information\AUTO..., appActivity: com.swaglabsmobileapp.Splas..., appPackage: com.swaglabsmobileapp, appium:platformVersion: 14, autoGrantPermissions: true, automationName: UiAutomator2, deviceName: Galaxy A16 5G, platformName: ANDROID, udid: R94XC07VMMV}
at org.openqa.selenium.remote.ProtocolHandshake.createSession(ProtocolHandshake.java:140)
at java.base/jdk.internal.reflect.NativeMethodAccessorImpl.invoke0(Native Method)
at java.base/jdk.internal.reflect.NativeMethodAccessorImpl.invoke(NativeMethodAccessorImpl.java:62)
at java.base/jdk.internal.reflect.DelegatingMethodAccessorImpl.invoke(DelegatingMethodAccessorImpl.java:43)
at java.base/java.lang.reflect.Method.invoke(Method.java:566)
at io.appium.java_client.remote.AppiumProtocolHandshake.createSession(AppiumProtocolHandshake.java:133)
at io.appium.java_client.remote.AppiumProtocolHandshake.createSession(AppiumProtocolHandshake.java:102)
at io.appium.java_client.remote.AppiumCommandExecutor.createSession(AppiumCommandExecutor.java:182)
at io.appium.java_client.remote.AppiumCommandExecutor.execute(AppiumCommandExecutor.java:250)
at org.openqa.selenium.remote.RemoteWebDriver.execute(RemoteWebDriver.java:518)
at io.appium.java_client.AppiumDriver.startSession(AppiumDriver.java:274)
at org.openqa.selenium.remote.RemoteWebDriver.<init>(RemoteWebDriver.java:159)
at io.appium.java_client.AppiumDriver.<init>(AppiumDriver.java:89)
at io.appium.java_client.AppiumDriver.<init>(AppiumDriver.java:101)
at io.appium.java_client.android.AndroidDriver.<init>(AndroidDriver.java:113)
at demoapp.SampleProject.DemoApp.setUp(DemoApp.java:35)
at java.base/jdk.internal.reflect.NativeMethodAccessorImpl.invoke0(Native Method)
at java.base/jdk.internal.reflect.NativeMethodAccessorImpl.invoke(NativeMethodAccessorImpl.java:62)
at java.base/jdk.internal.reflect.DelegatingMethodAccessorImpl.invoke(DelegatingMethodAccessorImpl.java:43)
at java.base/java.lang.reflect.Method.invoke(Method.java:566)
at org.testng.internal.MethodInvocationHelper.invokeMethod(MethodInvocationHelper.java:133)
at org.testng.internal.MethodInvocationHelper.invokeMethodConsideringTimeout(MethodInvocationHelper.java:62)
at org.testng.internal.ConfigInvoker.invokeConfigurationMethod(ConfigInvoker.java:385)
at org.testng.internal.ConfigInvoker.invokeConfigurations(ConfigInvoker.java:321)
at org.testng.internal.TestMethodWorker.invokeBeforeClassMethods(TestMethodWorker.java:176)
at org.testng.internal.TestMethodWorker.run(TestMethodWorker.java:122)
at java.base/java.util.ArrayList.forEach(ArrayList.java:1541)
at org.testng.TestRunner.privateRun(TestRunner.java:794)
at org.testng.TestRunner.run(TestRunner.java:596)
at org.testng.SuiteRunner.runTest(SuiteRunner.java:377)
at org.testng.SuiteRunner.runSequentially(SuiteRunner.java:371)
at org.testng.SuiteRunner.privateRun(SuiteRunner.java:332)
at org.testng.SuiteRunner.run(SuiteRunner.java:276)
at org.testng.SuiteRunnerWorker.runSuite(SuiteRunnerWorker.java:53)
at org.testng.SuiteRunnerWorker.run(SuiteRunnerWorker.java:96)
at org.testng.TestNG.runSuitesSequentially(TestNG.java:1212)
at org.testng.TestNG.runSuitesLocally(TestNG.java:1134)
at org.testng.TestNG.runSuites(TestNG.java:1063)
at org.testng.TestNG.run(TestNG.java:1031)
at org.testng.remote.AbstractRemoteTestNG.run(AbstractRemoteTestNG.java:115)
at org.testng.remote.RemoteTestNG.initAndRun(RemoteTestNG.java:251)
at org.testng.remote.RemoteTestNG.main(RemoteTestNG.java:77)
]]>
    </error>
  </testcase> <!-- setUp -->
  <system-out/>
  <testcase classname="demoapp.SampleProject.DemoApp" name="testSampleApp" time="0.000">
    <skipped/>
  </testcase> <!-- testSampleApp -->
  <system-out/>
</testsuite> <!-- demoapp.SampleProject.DemoApp -->
